-------------------------------------------------------------------------------
Test set: TestSuite
-------------------------------------------------------------------------------
Tests run: 1, Failures: 1, Errors: 0, Skipped: 0, Time elapsed: 145.811 s <<< FAILURE! - in TestSuite
cucumberOptions.TestRunner.feature[Sending Amazon egift card (specific amount) to specific reciepient and adding it to cart on Amazon website](1)  Time elapsed: 139.906 s  <<< FAILURE!
cucumber.runtime.CucumberException: 
org.openqa.selenium.ElementNotInteractableException: element not interactable
  (Session info: MicrosoftEdge=93.0.961.38)
Build info: version: '3.141.59', revision: 'e82be7d358', time: '2018-11-14T08:17:03'
System info: host: 'DESKTOP-KJEU6A0', ip: '192.168.0.14', os.name: 'Windows 10', os.arch: 'amd64', os.version: '10.0', java.version: '1.8.0_231'
Driver info: org.openqa.selenium.edge.EdgeDriver
Capabilities {acceptInsecureCerts: false, browserName: msedge, browserVersion: 93.0.961.38, javascriptEnabled: true, ms:edgeOptions: {debuggerAddress: localhost:52130}, msedge: {msedgedriverVersion: 92.0.902.55 (2f31ea24c029d5..., userDataDir: C:\Users\prash\AppData\Loca...}, networkConnectionEnabled: false, pageLoadStrategy: normal, platform: WINDOWS, platformName: WINDOWS, proxy: Proxy(), setWindowRect: true, strictFileInteractability: false, timeouts: {implicit: 0, pageLoad: 300000, script: 30000}, unhandledPromptBehavior: dismiss and notify, webauthn:extension:credBlob: true, webauthn:extension:largeBlob: true, webauthn:virtualAuthenticators: true}
Session ID: 0629d002fcf50abc103f0411fd318197
Caused by: org.openqa.selenium.ElementNotInteractableException: 
element not interactable
  (Session info: MicrosoftEdge=93.0.961.38)
Build info: version: '3.141.59', revision: 'e82be7d358', time: '2018-11-14T08:17:03'
System info: host: 'DESKTOP-KJEU6A0', ip: '192.168.0.14', os.name: 'Windows 10', os.arch: 'amd64', os.version: '10.0', java.version: '1.8.0_231'
Driver info: org.openqa.selenium.edge.EdgeDriver
Capabilities {acceptInsecureCerts: false, browserName: msedge, browserVersion: 93.0.961.38, javascriptEnabled: true, ms:edgeOptions: {debuggerAddress: localhost:52130}, msedge: {msedgedriverVersion: 92.0.902.55 (2f31ea24c029d5..., userDataDir: C:\Users\prash\AppData\Loca...}, networkConnectionEnabled: false, pageLoadStrategy: normal, platform: WINDOWS, platformName: WINDOWS, proxy: Proxy(), setWindowRect: true, strictFileInteractability: false, timeouts: {implicit: 0, pageLoad: 300000, script: 30000}, unhandledPromptBehavior: dismiss and notify, webauthn:extension:credBlob: true, webauthn:extension:largeBlob: true, webauthn:virtualAuthenticators: true}
Session ID: 0629d002fcf50abc103f0411fd318197

